ERROR - 2026-02-17 13:55:27 --> Error connecting to the database: ErrorException: mysqli::real_connect(): php_network_getaddresses: getaddrinfo for localhosts failed: nodename nor servname provided, or not known in /Users/jerin/Sites/localhost/installer/system/Database/MySQLi/Connection.php:201
Stack trace:
#0 [internal function]: CodeIgniter\Debug\Exceptions->errorHandler(2, 'mysqli::real_co...', '/Users/jerin/Si...', 201)
#1 /Users/jerin/Sites/localhost/installer/system/Database/MySQLi/Connection.php(201): mysqli->real_connect('localhosts', 'root', Object(SensitiveParameterValue), 'zerin_webschool', 3306, '', 0)
#2 /Users/jerin/Sites/localhost/installer/system/Database/BaseConnection.php(419): CodeIgniter\Database\MySQLi\Connection->connect(false)
#3 /Users/jerin/Sites/localhost/installer/app/Controllers/Installer.php(340): CodeIgniter\Database\BaseConnection->initialize()
#4 /Users/jerin/Sites/localhost/installer/app/Controllers/Installer.php(88): App\Controllers\Installer->testDatabaseConnection(Array, NULL)
#5 /Users/jerin/Sites/localhost/installer/system/CodeIgniter.php(951): App\Controllers\Installer->database()
#6 /Users/jerin/Sites/localhost/installer/system/CodeIgniter.php(497): CodeIgniter\CodeIgniter->runController(Object(App\Controllers\Installer))
#7 /Users/jerin/Sites/localhost/installer/system/CodeIgniter.php(340): CodeIgniter\CodeIgniter->handleRequest(NULL, Object(Config\Cache), false)
#8 /Users/jerin/Sites/localhost/installer/system/Boot.php(417): CodeIgniter\CodeIgniter->run()
#9 /Users/jerin/Sites/localhost/installer/system/Boot.php(68): CodeIgniter\Boot::runCodeIgniter(Object(CodeIgniter\CodeIgniter))
#10 /Users/jerin/Sites/localhost/installer/public/index.php(59): CodeIgniter\Boot::bootWeb(Object(Config\Paths))
#11 /Applications/Herd.app/Contents/Resources/valet/server.php(167): require('/Users/jerin/Si...')
#12 {main}

Next mysqli_sql_exception: php_network_getaddresses: getaddrinfo for localhosts failed: nodename nor servname provided, or not known in /Users/jerin/Sites/localhost/installer/system/Database/MySQLi/Connection.php:201
Stack trace:
#0 /Users/jerin/Sites/localhost/installer/system/Database/MySQLi/Connection.php(201): mysqli->real_connect('localhosts', 'root', Object(SensitiveParameterValue), 'zerin_webschool', 3306, '', 0)
#1 /Users/jerin/Sites/localhost/installer/system/Database/BaseConnection.php(419): CodeIgniter\Database\MySQLi\Connection->connect(false)
#2 /Users/jerin/Sites/localhost/installer/app/Controllers/Installer.php(340): CodeIgniter\Database\BaseConnection->initialize()
#3 /Users/jerin/Sites/localhost/installer/app/Controllers/Installer.php(88): App\Controllers\Installer->testDatabaseConnection(Array, NULL)
#4 /Users/jerin/Sites/localhost/installer/system/CodeIgniter.php(951): App\Controllers\Installer->database()
#5 /Users/jerin/Sites/localhost/installer/system/CodeIgniter.php(497): CodeIgniter\CodeIgniter->runController(Object(App\Controllers\Installer))
#6 /Users/jerin/Sites/localhost/installer/system/CodeIgniter.php(340): CodeIgniter\CodeIgniter->handleRequest(NULL, Object(Config\Cache), false)
#7 /Users/jerin/Sites/localhost/installer/system/Boot.php(417): CodeIgniter\CodeIgniter->run()
#8 /Users/jerin/Sites/localhost/installer/system/Boot.php(68): CodeIgniter\Boot::runCodeIgniter(Object(CodeIgniter\CodeIgniter))
#9 /Users/jerin/Sites/localhost/installer/public/index.php(59): CodeIgniter\Boot::bootWeb(Object(Config\Paths))
#10 /Applications/Herd.app/Contents/Resources/valet/server.php(167): require('/Users/jerin/Si...')
#11 {main}

Next CodeIgniter\Database\Exceptions\DatabaseException: php_network_getaddresses: getaddrinfo for localhosts failed: nodename nor servname provided, or not known in /Users/jerin/Sites/localhost/installer/system/Database/MySQLi/Connection.php:231
Stack trace:
#0 /Users/jerin/Sites/localhost/installer/system/Database/BaseConnection.php(419): CodeIgniter\Database\MySQLi\Connection->connect(false)
#1 /Users/jerin/Sites/localhost/installer/app/Controllers/Installer.php(340): CodeIgniter\Database\BaseConnection->initialize()
#2 /Users/jerin/Sites/localhost/installer/app/Controllers/Installer.php(88): App\Controllers\Installer->testDatabaseConnection(Array, NULL)
#3 /Users/jerin/Sites/localhost/installer/system/CodeIgniter.php(951): App\Controllers\Installer->database()
#4 /Users/jerin/Sites/localhost/installer/system/CodeIgniter.php(497): CodeIgniter\CodeIgniter->runController(Object(App\Controllers\Installer))
#5 /Users/jerin/Sites/localhost/installer/system/CodeIgniter.php(340): CodeIgniter\CodeIgniter->handleRequest(NULL, Object(Config\Cache), false)
#6 /Users/jerin/Sites/localhost/installer/system/Boot.php(417): CodeIgniter\CodeIgniter->run()
#7 /Users/jerin/Sites/localhost/installer/system/Boot.php(68): CodeIgniter\Boot::runCodeIgniter(Object(CodeIgniter\CodeIgniter))
#8 /Users/jerin/Sites/localhost/installer/public/index.php(59): CodeIgniter\Boot::bootWeb(Object(Config\Paths))
#9 /Applications/Herd.app/Contents/Resources/valet/server.php(167): require('/Users/jerin/Si...')
#10 {main}
ERROR - 2026-02-17 13:55:43 --> Error connecting to the database: mysqli_sql_exception: No such file or directory in /Users/jerin/Sites/localhost/installer/system/Database/MySQLi/Connection.php:201
Stack trace:
#0 /Users/jerin/Sites/localhost/installer/system/Database/MySQLi/Connection.php(201): mysqli->real_connect('localhost', 'root', Object(SensitiveParameterValue), 'zerin_webschool', 3306, '', 0)
#1 /Users/jerin/Sites/localhost/installer/system/Database/BaseConnection.php(419): CodeIgniter\Database\MySQLi\Connection->connect(false)
#2 /Users/jerin/Sites/localhost/installer/app/Controllers/Installer.php(340): CodeIgniter\Database\BaseConnection->initialize()
#3 /Users/jerin/Sites/localhost/installer/app/Controllers/Installer.php(88): App\Controllers\Installer->testDatabaseConnection(Array, NULL)
#4 /Users/jerin/Sites/localhost/installer/system/CodeIgniter.php(951): App\Controllers\Installer->database()
#5 /Users/jerin/Sites/localhost/installer/system/CodeIgniter.php(497): CodeIgniter\CodeIgniter->runController(Object(App\Controllers\Installer))
#6 /Users/jerin/Sites/localhost/installer/system/CodeIgniter.php(340): CodeIgniter\CodeIgniter->handleRequest(NULL, Object(Config\Cache), false)
#7 /Users/jerin/Sites/localhost/installer/system/Boot.php(417): CodeIgniter\CodeIgniter->run()
#8 /Users/jerin/Sites/localhost/installer/system/Boot.php(68): CodeIgniter\Boot::runCodeIgniter(Object(CodeIgniter\CodeIgniter))
#9 /Users/jerin/Sites/localhost/installer/public/index.php(59): CodeIgniter\Boot::bootWeb(Object(Config\Paths))
#10 /Applications/Herd.app/Contents/Resources/valet/server.php(167): require('/Users/jerin/Si...')
#11 {main}

Next CodeIgniter\Database\Exceptions\DatabaseException: No such file or directory in /Users/jerin/Sites/localhost/installer/system/Database/MySQLi/Connection.php:231
Stack trace:
#0 /Users/jerin/Sites/localhost/installer/system/Database/BaseConnection.php(419): CodeIgniter\Database\MySQLi\Connection->connect(false)
#1 /Users/jerin/Sites/localhost/installer/app/Controllers/Installer.php(340): CodeIgniter\Database\BaseConnection->initialize()
#2 /Users/jerin/Sites/localhost/installer/app/Controllers/Installer.php(88): App\Controllers\Installer->testDatabaseConnection(Array, NULL)
#3 /Users/jerin/Sites/localhost/installer/system/CodeIgniter.php(951): App\Controllers\Installer->database()
#4 /Users/jerin/Sites/localhost/installer/system/CodeIgniter.php(497): CodeIgniter\CodeIgniter->runController(Object(App\Controllers\Installer))
#5 /Users/jerin/Sites/localhost/installer/system/CodeIgniter.php(340): CodeIgniter\CodeIgniter->handleRequest(NULL, Object(Config\Cache), false)
#6 /Users/jerin/Sites/localhost/installer/system/Boot.php(417): CodeIgniter\CodeIgniter->run()
#7 /Users/jerin/Sites/localhost/installer/system/Boot.php(68): CodeIgniter\Boot::runCodeIgniter(Object(CodeIgniter\CodeIgniter))
#8 /Users/jerin/Sites/localhost/installer/public/index.php(59): CodeIgniter\Boot::bootWeb(Object(Config\Paths))
#9 /Applications/Herd.app/Contents/Resources/valet/server.php(167): require('/Users/jerin/Si...')
#10 {main}
